<?xml version="1.0" encoding="UTF-8"?>
<!-- Generated by org.testng.reporters.JUnitReportReporter -->
<testsuite hostname="DESKTOP-DIMSKP4" failures="0" tests="3" name="org.runner.execute" time="138.489" errors="0" timestamp="2025-03-02T20:37:38 IST" skipped="0">
  <testcase classname="org.runner.execute" name="runScenario" time="90.979"/>
  <system-out/>
  <testcase classname="org.runner.execute" name="runScenario" time="12.035"/>
  <system-out/>
  <testcase classname="org.runner.execute" name="runScenario" time="35.475"/>
  <system-out/>
</testsuite> <!-- org.runner.execute -->
