<?xml version="1.0" encoding="UTF-8"?>
<!-- Generated by org.testng.reporters.JUnitReportReporter -->
<testsuite hostname="DESKTOP-DIMSKP4" failures="0" tests="3" name="org.runner.execute" time="115.181" errors="0" timestamp="2025-03-02T22:47:32 IST" skipped="0">
  <testcase classname="org.runner.execute" name="runScenario" time="35.318"/>
  <system-out/>
  <testcase classname="org.runner.execute" name="runScenario" time="67.216"/>
  <system-out/>
  <testcase classname="org.runner.execute" name="runScenario" time="12.647"/>
  <system-out/>
</testsuite> <!-- org.runner.execute -->
